C51 COMPILER V9.54   MAIN                                                                  04/21/2024 23:39:39 PAGE 1   


C51 COMPILER V9.54, COMPILATION OF MODULE MAIN
OBJECT MODULE PLACED IN .\Objects\main.obj
COMPILER INVOKED BY: D:\DevelopTools\keil51\C51\BIN\C51.EXE main.c OPTIMIZE(8,SPEED) BROWSE DEBUG OBJECTEXTEND PRINT(.\L
                    -istings\main.lst) TABS(2) OBJECT(.\Objects\main.obj)

line level    source

   1          #include <REGX52.H>
   2          void Delay(unsigned int xms)    //@12.000MHz
   3          {
   4   1        unsigned char i, j;
   5   1      
   6   1        while(xms)
   7   1        {
   8   2          i = 2;
   9   2          j = 239;
  10   2          do
  11   2          {
  12   3            while (--j);
  13   3          } while (--i);
  14   2        
  15   2          xms--;
  16   2        }
  17   1      }
  18          void main()
  19          {
  20   1        //P2=0xFE; //直接操作寄存器
  21   1        //P2_1=0;//操作具体位
  22   1        //Demo1
  23   1      //  while(1)
  24   1      //  {
  25   1      //    if(P3_1==0)
  26   1      //    {
  27   1      //      P2_1=0;
  28   1      //    }
  29   1      //    else
  30   1      //    {
  31   1      //      P2_1=1;
  32   1      //    }
  33   1      //  }
  34   1        //Demo2：按下亮，再按一次灭 
  35   1      
  36   1      
  37   1      //  while(1)
  38   1      //  {
  39   1      //    if(P3_1==0)
  40   1      //    {
  41   1      //      Delay(20);
  42   1      //      while(P3_1==0);
  43   1      //      Delay(20);
  44   1      //      
  45   1      //      P2_0=~P2_0;
  46   1      //    }
  47   1      //  }
  48   1      
  49   1      //Demo3：按二进制显示；
  50   1      //unsigned char LEDNum;//和51单片机寄存器一样都是八位，所以通常用来表示寄存器
  51   1      //while(1)
  52   1      //  {
  53   1      //    if(P3_1==0)
  54   1      //    {
C51 COMPILER V9.54   MAIN                                                                  04/21/2024 23:39:39 PAGE 2   

  55   1      //      Delay(20);
  56   1      //      while(P3_1==0);
  57   1      //      Delay(20);
  58   1      //      
  59   1      //      LEDNum++;
  60   1      //      P2=~LEDNum;
  61   1      //    }
  62   1      //  }
  63   1      
  64   1      
  65   1      //Demo4:控制led位移
  66   1      unsigned char LEDNum;
  67   1      P2=~(0x01);
  68   1      while(1)
  69   1        {
  70   2          if(P3_1==0)
  71   2          {
  72   3            Delay(20);
  73   3            while(P3_1==0);
  74   3            Delay(20);
  75   3            
  76   3            LEDNum++;
  77   3            if(LEDNum>=8)
  78   3            {
  79   4              LEDNum=0;
  80   4            }
  81   3            P2=~(0x01<<LEDNum);
  82   3          }
  83   2          if(P3_0==0)
  84   2          {
  85   3            Delay(20);
  86   3            while(P3_0==0);
  87   3            Delay(20);
  88   3            
  89   3          
  90   3            if(LEDNum==0)
  91   3              LEDNum=7;
  92   3            else
  93   3              LEDNum--;
  94   3            P2=~(0x01<<LEDNum);
  95   3          }
  96   2        }
  97   1      }


MODULE INFORMATION:   STATIC OVERLAYABLE
   CODE SIZE        =     98    ----
   CONSTANT SIZE    =   ----    ----
   XDATA SIZE       =   ----    ----
   PDATA SIZE       =   ----    ----
   DATA SIZE        =   ----    ----
   IDATA SIZE       =   ----    ----
   BIT SIZE         =   ----    ----
END OF MODULE INFORMATION.


C51 COMPILATION COMPLETE.  0 WARNING(S),  0 ERROR(S)
