C51 COMPILER V9.54   MAIN                                                                  04/21/2024 16:33:07 PAGE 1   


C51 COMPILER V9.54, COMPILATION OF MODULE MAIN
OBJECT MODULE PLACED IN .\Objects\main.obj
COMPILER INVOKED BY: D:\DevelopTools\keil51\C51\BIN\C51.EXE main.c OPTIMIZE(8,SPEED) BROWSE DEBUG OBJECTEXTEND PRINT(.\L
                    -istings\main.lst) TABS(2) OBJECT(.\Objects\main.obj)

line level    source

   1          #include <REGX52.H>
   2          #include <INTRINS.H>
   3          
   4          
   5          void Delay500ms()   //@12.000MHz
   6          {
   7   1        unsigned char i, j, k;
   8   1      
   9   1        _nop_();
  10   1        i = 4;
  11   1        j = 205;
  12   1        k = 187;
  13   1        do
  14   1        {
  15   2          do
  16   2          {
  17   3            while (--k);
  18   3          } while (--j);
  19   2        } while (--i);
  20   1      }
  21          
  22          void main()
  23          {
  24   1        //иак╦
  25   1        //while(1)
  26   1        //{
  27   1        //  Delay500ms();
  28   1        //  P2=0xFE;
  29   1        //  Delay500ms();
  30   1        //  P2=0xFF;
  31   1        //}
  32   1        //иак╦
  33   1        while(1)
  34   1        {
  35   2          P2=0xFE;
  36   2          Delay500ms();
  37   2          P2=0xFD;
  38   2          Delay500ms();
  39   2          P2=0xFB;
  40   2          Delay500ms();
  41   2          P2=0xF7;
  42   2          Delay500ms();
  43   2          P2=0xEF;
  44   2          Delay500ms();
  45   2          P2=0xDF;
  46   2          Delay500ms();
  47   2          P2=0xBF;
  48   2          Delay500ms();
  49   2          P2=0x7F;
  50   2          Delay500ms();
  51   2        }
  52   1      } 


C51 COMPILER V9.54   MAIN                                                                  04/21/2024 16:33:07 PAGE 2   

MODULE INFORMATION:   STATIC OVERLAYABLE
   CODE SIZE        =     64    ----
   CONSTANT SIZE    =   ----    ----
   XDATA SIZE       =   ----    ----
   PDATA SIZE       =   ----    ----
   DATA SIZE        =   ----    ----
   IDATA SIZE       =   ----    ----
   BIT SIZE         =   ----    ----
END OF MODULE INFORMATION.


C51 COMPILATION COMPLETE.  0 WARNING(S),  0 ERROR(S)
